USER       PID %CPU %MEM    VSZ   RSS TTY      STAT START   TIME COMMAND
root         1  0.0  0.4  77852  8848 ?        Ss   01:24   0:01 /sbin/init
root         2  0.0  0.0      0     0 ?        S    01:24   0:00 [kthreadd]
root         4  0.0  0.0      0     0 ?        I<   01:24   0:00 [kworker/0:0H]
root         5  0.0  0.0      0     0 ?        I    01:24   0:00 [kworker/u2:0]
root         6  0.0  0.0      0     0 ?        I<   01:24   0:00 [mm_percpu_wq]
root         7  0.0  0.0      0     0 ?        S    01:24   0:00 [ksoftirqd/0]
root         8  0.0  0.0      0     0 ?        I    01:24   0:00 [rcu_sched]
root         9  0.0  0.0      0     0 ?        I    01:24   0:00 [rcu_bh]
root        10  0.0  0.0      0     0 ?        S    01:24   0:00 [migration/0]
root        11  0.0  0.0      0     0 ?        S    01:24   0:00 [watchdog/0]
root        12  0.0  0.0      0     0 ?        S    01:24   0:00 [cpuhp/0]
root        13  0.0  0.0      0     0 ?        S    01:24   0:00 [kdevtmpfs]
root        14  0.0  0.0      0     0 ?        I<   01:24   0:00 [netns]
root        15  0.0  0.0      0     0 ?        S    01:24   0:00 [rcu_tasks_kthre]
root        16  0.0  0.0      0     0 ?        S    01:24   0:00 [kauditd]
root        17  0.0  0.0      0     0 ?        S    01:24   0:00 [khungtaskd]
root        18  0.0  0.0      0     0 ?        S    01:24   0:00 [oom_reaper]
root        19  0.0  0.0      0     0 ?        I<   01:24   0:00 [writeback]
root        20  0.0  0.0      0     0 ?        S    01:24   0:00 [kcompactd0]
root        21  0.0  0.0      0     0 ?        SN   01:24   0:00 [ksmd]
root        22  0.0  0.0      0     0 ?        SN   01:24   0:00 [khugepaged]
root        23  0.0  0.0      0     0 ?        I<   01:24   0:00 [crypto]
root        24  0.0  0.0      0     0 ?        I<   01:24   0:00 [kintegrityd]
root        25  0.0  0.0      0     0 ?        I<   01:24   0:00 [kblockd]
root        26  0.0  0.0      0     0 ?        I<   01:24   0:00 [ata_sff]
root        27  0.0  0.0      0     0 ?        I<   01:24   0:00 [md]
root        28  0.0  0.0      0     0 ?        I<   01:24   0:00 [edac-poller]
root        29  0.0  0.0      0     0 ?        I<   01:24   0:00 [devfreq_wq]
root        30  0.0  0.0      0     0 ?        I<   01:24   0:00 [watchdogd]
root        32  0.0  0.0      0     0 ?        I    01:24   0:00 [kworker/0:1]
root        34  0.0  0.0      0     0 ?        S    01:24   0:00 [kswapd0]
root        35  0.0  0.0      0     0 ?        I<   01:24   0:00 [kworker/u3:0]
root        36  0.0  0.0      0     0 ?        S    01:24   0:00 [ecryptfs-kthrea]
root        78  0.0  0.0      0     0 ?        I<   01:24   0:00 [kthrotld]
root        79  0.0  0.0      0     0 ?        I<   01:24   0:00 [acpi_thermal_pm]
root        80  0.0  0.0      0     0 ?        S    01:24   0:00 [scsi_eh_0]
root        81  0.0  0.0      0     0 ?        I<   01:24   0:00 [scsi_tmf_0]
root        82  0.0  0.0      0     0 ?        S    01:24   0:00 [scsi_eh_1]
root        83  0.0  0.0      0     0 ?        I<   01:24   0:00 [scsi_tmf_1]
root        89  0.0  0.0      0     0 ?        I<   01:24   0:00 [ipv6_addrconf]
root        98  0.0  0.0      0     0 ?        I<   01:24   0:00 [kstrp]
root       115  0.0  0.0      0     0 ?        I<   01:24   0:00 [charger_manager]
root       166  0.0  0.0      0     0 ?        I    01:24   0:00 [kworker/0:2]
root       282  0.0  0.0      0     0 ?        I<   01:25   0:00 [raid5wq]
root       335  0.0  0.0      0     0 ?        S    01:25   0:00 [jbd2/vda1-8]
root       336  0.0  0.0      0     0 ?        I<   01:25   0:00 [ext4-rsv-conver]
root       388  0.0  0.0      0     0 ?        I<   01:25   0:00 [kworker/0:1H]
root       407  0.0  0.8 111212 18152 ?        S<s  01:25   0:00 /lib/systemd/systemd-journald
root       412  0.0  0.0      0     0 ?        I<   01:25   0:00 [iscsi_eh]
root       420  0.0  0.0      0     0 ?        I<   01:25   0:00 [ib-comp-wq]
root       421  0.0  0.0      0     0 ?        I<   01:25   0:00 [ib-comp-unb-wq]
root       422  0.0  0.0      0     0 ?        I<   01:25   0:00 [ib_mcast]
root       423  0.0  0.0      0     0 ?        I<   01:25   0:00 [ib_nl_sa_wq]
root       425  0.0  0.0      0     0 ?        I<   01:25   0:00 [rdma_cm]
root       430  0.0  0.0  97708  1904 ?        Ss   01:25   0:00 /sbin/lvmetad -f
root       433  0.0  0.1  43064  4048 ?        Ss   01:25   0:00 /lib/systemd/systemd-udevd
systemd+   572  0.0  0.1 141956  3236 ?        Ssl  01:25   0:00 /lib/systemd/systemd-timesyncd
systemd+   695  0.0  0.2  80080  5452 ?        Ss   01:25   0:00 /lib/systemd/systemd-networkd
systemd+   716  0.0  0.2  70660  5060 ?        Ss   01:25   0:00 /lib/systemd/systemd-resolved
message+   894  0.0  0.2  50044  4532 ?        Ss   01:25   0:00 /usr/bin/dbus-daemon --system --address=systemd: --nofork --nopidfile --systemd-activation --syslog-only
root       923  0.0  0.3 288000  6904 ?        Ssl  01:25   0:00 /usr/lib/accountsservice/accounts-daemon
syslog     925  0.0  0.2 267272  4432 ?        Ssl  01:25   0:00 /usr/sbin/rsyslogd -n
root       932  0.0  0.8 170832 17028 ?        Ssl  01:25   0:00 /usr/bin/python3 /usr/bin/networkd-dispatcher --run-startup-triggers
root       949  0.0  0.0  95540  1672 ?        Ssl  01:25   0:00 /usr/bin/lxcfs /var/lib/lxcfs/
root       950  0.0  0.3  70656  6180 ?        Ss   01:25   0:00 /lib/systemd/systemd-logind
isucon     971  0.0  0.7 1013740 15520 ?       Ssl  01:25   0:00 /home/isucon/isuumo/webapp/go/isuumo
daemon     972  0.0  0.1  28332  2456 ?        Ss   01:25   0:00 /usr/sbin/atd -f
root       998  0.0  0.1  31748  3208 ?        Ss   01:25   0:00 /usr/sbin/cron -f
root      1012  0.0  0.1  16412  2404 ttyS0    Ss+  01:25   0:00 /sbin/agetty -o -p -- \u --keep-baud 115200,38400,9600 ttyS0 vt220
root      1052  0.0  0.0  14888  1992 tty1     Ss+  01:25   0:00 /sbin/agetty -o -p -- \u --noclear tty1 linux
root      1077  0.0  0.9 187680 20052 ?        Ssl  01:25   0:00 /usr/bin/python3 /usr/share/unattended-upgrades/unattended-upgrade-shutdown --wait-for-signal
root      1135  0.0  0.3 288884  6632 ?        Ssl  01:25   0:00 /usr/lib/policykit-1/polkitd --no-debug
root      1182  0.0  0.0  33188   860 ?        Ss   01:25   0:00 nginx: master process /usr/sbin/nginx -g daemon on; master_process on;
www-data  1185  0.0  0.2  37948  4316 ?        S    01:25   0:00 nginx: worker process
root      1295  0.0  0.3  72300  6460 ?        Ss   01:25   0:00 /usr/sbin/sshd -D
mysql     1354  0.0 10.8 1162520 221488 ?      Sl   01:25   0:03 /usr/sbin/mysqld --daemonize --pid-file=/run/mysqld/mysqld.pid
root      1986  0.0  0.0      0     0 ?        I    03:29   0:00 [kworker/u2:1]
root      2500  0.0  0.3 107984  7268 ?        Ss   03:36   0:00 sshd: isucon [priv]
isucon    2502  0.0  0.3  76684  7668 ?        Ss   03:36   0:00 /lib/systemd/systemd --user
isucon    2503  0.0  0.1 111832  2428 ?        S    03:36   0:00 (sd-pam)
isucon    2578  0.0  0.2 108276  5988 ?        S    03:36   0:00 sshd: isucon@pts/0
isucon    2579  0.0  0.2  23212  5116 pts/0    Ss+  03:36   0:00 -bash
root      2603  0.0  0.3 107984  7224 ?        Ss   03:37   0:00 sshd: isucon [priv]
isucon    2670  0.0  0.3 108368  6360 ?        S    03:37   0:00 sshd: isucon@pts/1
isucon    2671  0.0  0.2  23116  5116 pts/1    Ss+  03:37   0:00 -bash
root      2688  0.0  0.3 107984  7224 ?        Ss   03:46   0:00 sshd: isucon [priv]
isucon    2755  0.0  0.1 107984  3560 ?        S    03:46   0:00 sshd: isucon@pts/2
isucon    2756  0.0  0.2  23244  5332 pts/2    Ss   03:46   0:00 -bash
isucon    2778  0.0  0.1  40092  3652 pts/2    R+   03:49   0:00 ps -aux
